<?xml version="1.0" encoding="UTF-8"?>
<testng-results skipped="0" failed="0" total="1" passed="1">
  <reporter-output>
  </reporter-output>
  <suite name="KinesisPerformanceSuite" duration-ms="129124" started-at="2018-01-03T14:18:10Z" finished-at="2018-01-03T14:20:19Z">
    <groups>
    </groups>
    <test name="Node_Internal1" duration-ms="129124" started-at="2018-01-03T14:18:10Z" finished-at="2018-01-03T14:20:19Z">
      <class name="performancetests.PerfomanceTestExecution">
        <test-method status="PASS" signature="startPerformanceTests()[pri:0, instance:performancetests.PerfomanceTestExecution@475e586c]" name="startPerformanceTests" duration-ms="129076" started-at="2018-01-03T19:48:10Z" finished-at="2018-01-03T19:50:19Z">
          <reporter-output>
          </reporter-output>
        </test-method> <!-- startPerformanceTests -->
      </class> <!-- performancetests.PerfomanceTestExecution -->
    </test> <!-- Node_Internal1 -->
  </suite> <!-- KinesisPerformanceSuite -->
</testng-results>
